[debug] [2025-07-10T10:11:18.041Z] ----------------------------------------------------------------------
[debug] [2025-07-10T10:11:18.042Z] Command:       /usr/local/share/nvm/versions/node/v22.16.0/bin/node /home/codespace/nvm/current/bin/firebase deploy --only functions --debug --force
[debug] [2025-07-10T10:11:18.043Z] CLI Version:   14.9.0
[debug] [2025-07-10T10:11:18.043Z] Platform:      linux
[debug] [2025-07-10T10:11:18.043Z] Node Version:  v22.16.0
[debug] [2025-07-10T10:11:18.043Z] Time:          Thu Jul 10 2025 10:11:18 GMT+0000 (Coordinated Universal Time)
[debug] [2025-07-10T10:11:18.043Z] Env Overrides: GITHUB_API_URL, GITHUB_API_URL
[debug] [2025-07-10T10:11:18.044Z] ----------------------------------------------------------------------
[debug] 
[debug] [2025-07-10T10:11:18.370Z] > command requires scopes: ["email","openid","https://www.googleapis.com/auth/cloudplatformprojects.readonly","https://www.googleapis.com/auth/firebase","https://www.googleapis.com/auth/cloud-platform"]
[debug] [2025-07-10T10:11:18.371Z] > authorizing via signed-in user (okuhlecharlieman72@gmail.com)
[debug] [2025-07-10T10:11:18.371Z] [iam] checking project ticketing-system-dc29d for permissions ["cloudfunctions.functions.create","cloudfunctions.functions.delete","cloudfunctions.functions.get","cloudfunctions.functions.list","cloudfunctions.functions.update","cloudfunctions.operations.get","firebase.projects.get"]
[debug] [2025-07-10T10:11:18.372Z] Checked if tokens are valid: true, expires at: 1752144762881
[debug] [2025-07-10T10:11:18.372Z] Checked if tokens are valid: true, expires at: 1752144762881
[debug] [2025-07-10T10:11:18.373Z] >>> [apiv2][query] POST https://cloudresourcemanager.googleapis.com/v1/projects/ticketing-system-dc29d:testIamPermissions [none]
[debug] [2025-07-10T10:11:18.373Z] >>> [apiv2][(partial)header] POST https://cloudresourcemanager.googleapis.com/v1/projects/ticketing-system-dc29d:testIamPermissions x-goog-quota-user=projects/ticketing-system-dc29d
[debug] [2025-07-10T10:11:18.373Z] >>> [apiv2][body] POST https://cloudresourcemanager.googleapis.com/v1/projects/ticketing-system-dc29d:testIamPermissions {"permissions":["cloudfunctions.functions.create","cloudfunctions.functions.delete","cloudfunctions.functions.get","cloudfunctions.functions.list","cloudfunctions.functions.update","cloudfunctions.operations.get","firebase.projects.get"]}
[debug] [2025-07-10T10:11:19.780Z] <<< [apiv2][status] POST https://cloudresourcemanager.googleapis.com/v1/projects/ticketing-system-dc29d:testIamPermissions 200
[debug] [2025-07-10T10:11:19.781Z] <<< [apiv2][body] POST https://cloudresourcemanager.googleapis.com/v1/projects/ticketing-system-dc29d:testIamPermissions {"permissions":["cloudfunctions.functions.create","cloudfunctions.functions.delete","cloudfunctions.functions.get","cloudfunctions.functions.list","cloudfunctions.functions.update","cloudfunctions.operations.get","firebase.projects.get"]}
[debug] [2025-07-10T10:11:19.781Z] Checked if tokens are valid: true, expires at: 1752144762881
[debug] [2025-07-10T10:11:19.781Z] Checked if tokens are valid: true, expires at: 1752144762881
[debug] [2025-07-10T10:11:19.781Z] >>> [apiv2][query] POST https://iam.googleapis.com/v1/projects/ticketing-system-dc29d/serviceAccounts/ticketing-system-dc29d@appspot.gserviceaccount.com:testIamPermissions [none]
[debug] [2025-07-10T10:11:19.781Z] >>> [apiv2][body] POST https://iam.googleapis.com/v1/projects/ticketing-system-dc29d/serviceAccounts/ticketing-system-dc29d@appspot.gserviceaccount.com:testIamPermissions {"permissions":["iam.serviceAccounts.actAs"]}
[debug] [2025-07-10T10:11:21.407Z] <<< [apiv2][status] POST https://iam.googleapis.com/v1/projects/ticketing-system-dc29d/serviceAccounts/ticketing-system-dc29d@appspot.gserviceaccount.com:testIamPermissions 200
[debug] [2025-07-10T10:11:21.408Z] <<< [apiv2][body] POST https://iam.googleapis.com/v1/projects/ticketing-system-dc29d/serviceAccounts/ticketing-system-dc29d@appspot.gserviceaccount.com:testIamPermissions {"permissions":["iam.serviceAccounts.actAs"]}
[info] 
[info] === Deploying to 'ticketing-system-dc29d'...
[info] 
[info] i  deploying functions 
[info] Running command: npm --prefix "$RESOURCE_DIR" run lint
[info] ✔  functions: Finished running predeploy script. 
[debug] [2025-07-10T10:11:21.706Z] Checked if tokens are valid: true, expires at: 1752144762881
[debug] [2025-07-10T10:11:21.706Z] Checked if tokens are valid: true, expires at: 1752144762881
[debug] [2025-07-10T10:11:21.706Z] >>> [apiv2][query] GET https://serviceusage.googleapis.com/v1/projects/ticketing-system-dc29d/services/cloudresourcemanager.googleapis.com [none]
[debug] [2025-07-10T10:11:21.706Z] >>> [apiv2][(partial)header] GET https://serviceusage.googleapis.com/v1/projects/ticketing-system-dc29d/services/cloudresourcemanager.googleapis.com x-goog-quota-user=projects/ticketing-system-dc29d
[debug] [2025-07-10T10:11:23.479Z] <<< [apiv2][status] GET https://serviceusage.googleapis.com/v1/projects/ticketing-system-dc29d/services/cloudresourcemanager.googleapis.com 200
[debug] [2025-07-10T10:11:23.479Z] <<< [apiv2][body] GET https://serviceusage.googleapis.com/v1/projects/ticketing-system-dc29d/services/cloudresourcemanager.googleapis.com [omitted]
[debug] [2025-07-10T10:11:23.482Z] Checked if tokens are valid: true, expires at: 1752144762881
[debug] [2025-07-10T10:11:23.482Z] Checked if tokens are valid: true, expires at: 1752144762881
[debug] [2025-07-10T10:11:23.483Z] >>> [apiv2][query] GET https://cloudresourcemanager.googleapis.com/v1/projects/ticketing-system-dc29d [none]
[debug] [2025-07-10T10:11:23.805Z] <<< [apiv2][status] GET https://cloudresourcemanager.googleapis.com/v1/projects/ticketing-system-dc29d 200
[debug] [2025-07-10T10:11:23.805Z] <<< [apiv2][body] GET https://cloudresourcemanager.googleapis.com/v1/projects/ticketing-system-dc29d {"projectNumber":"747018554326","projectId":"ticketing-system-dc29d","lifecycleState":"ACTIVE","name":"ticketing-system","labels":{"firebase":"enabled","firebase-core":"disabled"},"createTime":"2025-07-07T21:16:11.837062Z"}
[info] i  functions: preparing codebase default for deployment 
[info] i  functions: ensuring required API cloudfunctions.googleapis.com is enabled... 
[info] i  functions: ensuring required API cloudbuild.googleapis.com is enabled... 
[debug] [2025-07-10T10:11:23.806Z] Checked if tokens are valid: true, expires at: 1752144762881
[debug] [2025-07-10T10:11:23.807Z] Checked if tokens are valid: true, expires at: 1752144762881
[info] i  artifactregistry: ensuring required API artifactregistry.googleapis.com is enabled... 
[debug] [2025-07-10T10:11:23.807Z] Checked if tokens are valid: true, expires at: 1752144762881
[debug] [2025-07-10T10:11:23.807Z] Checked if tokens are valid: true, expires at: 1752144762881
[debug] [2025-07-10T10:11:23.807Z] >>> [apiv2][query] GET https://serviceusage.googleapis.com/v1/projects/ticketing-system-dc29d/services/cloudbuild.googleapis.com [none]
[debug] [2025-07-10T10:11:23.807Z] >>> [apiv2][(partial)header] GET https://serviceusage.googleapis.com/v1/projects/ticketing-system-dc29d/services/cloudbuild.googleapis.com x-goog-quota-user=projects/ticketing-system-dc29d
[debug] [2025-07-10T10:11:23.808Z] >>> [apiv2][query] GET https://serviceusage.googleapis.com/v1/projects/ticketing-system-dc29d/services/artifactregistry.googleapis.com [none]
[debug] [2025-07-10T10:11:23.808Z] >>> [apiv2][(partial)header] GET https://serviceusage.googleapis.com/v1/projects/ticketing-system-dc29d/services/artifactregistry.googleapis.com x-goog-quota-user=projects/ticketing-system-dc29d
[debug] [2025-07-10T10:11:25.445Z] <<< [apiv2][status] GET https://serviceusage.googleapis.com/v1/projects/ticketing-system-dc29d/services/cloudbuild.googleapis.com 200
[debug] [2025-07-10T10:11:25.445Z] <<< [apiv2][body] GET https://serviceusage.googleapis.com/v1/projects/ticketing-system-dc29d/services/cloudbuild.googleapis.com [omitted]
[warn] ⚠  functions: missing required API cloudbuild.googleapis.com. Enabling now... 
[debug] [2025-07-10T10:11:25.446Z] Checked if tokens are valid: true, expires at: 1752144762881
[debug] [2025-07-10T10:11:25.446Z] Checked if tokens are valid: true, expires at: 1752144762881
[debug] [2025-07-10T10:11:25.446Z] >>> [apiv2][query] POST https://serviceusage.googleapis.com/v1/projects/ticketing-system-dc29d/services/cloudbuild.googleapis.com:enable [none]
[debug] [2025-07-10T10:11:25.446Z] >>> [apiv2][(partial)header] POST https://serviceusage.googleapis.com/v1/projects/ticketing-system-dc29d/services/cloudbuild.googleapis.com:enable x-goog-quota-user=projects/ticketing-system-dc29d
[debug] [2025-07-10T10:11:25.677Z] <<< [apiv2][status] GET https://serviceusage.googleapis.com/v1/projects/ticketing-system-dc29d/services/artifactregistry.googleapis.com 200
[debug] [2025-07-10T10:11:25.677Z] <<< [apiv2][body] GET https://serviceusage.googleapis.com/v1/projects/ticketing-system-dc29d/services/artifactregistry.googleapis.com [omitted]
[warn] ⚠  artifactregistry: missing required API artifactregistry.googleapis.com. Enabling now... 
[debug] [2025-07-10T10:11:25.677Z] Checked if tokens are valid: true, expires at: 1752144762881
[debug] [2025-07-10T10:11:25.678Z] Checked if tokens are valid: true, expires at: 1752144762881
[debug] [2025-07-10T10:11:25.678Z] >>> [apiv2][query] POST https://serviceusage.googleapis.com/v1/projects/ticketing-system-dc29d/services/artifactregistry.googleapis.com:enable [none]
[debug] [2025-07-10T10:11:25.678Z] >>> [apiv2][(partial)header] POST https://serviceusage.googleapis.com/v1/projects/ticketing-system-dc29d/services/artifactregistry.googleapis.com:enable x-goog-quota-user=projects/ticketing-system-dc29d
[debug] [2025-07-10T10:11:25.861Z] <<< [apiv2][status] POST https://serviceusage.googleapis.com/v1/projects/ticketing-system-dc29d/services/cloudbuild.googleapis.com:enable 400
[debug] [2025-07-10T10:11:25.862Z] <<< [apiv2][body] POST https://serviceusage.googleapis.com/v1/projects/ticketing-system-dc29d/services/cloudbuild.googleapis.com:enable [omitted]
[error] 
[error] Error: Your project ticketing-system-dc29d must be on the Blaze (pay-as-you-go) plan to complete this command. Required API cloudbuild.googleapis.com can't be enabled until the upgrade is complete. To upgrade, visit the following URL:

https://console.firebase.google.com/project/ticketing-system-dc29d/usage/details
